-------------------------------------------------------------------------------
>Log Session: Friday, April 24, 2020 at 1:37:51 PM Eastern Daylight Time
>System Info: 
  Product Version         = Apache NetBeans IDE 11.3
  Operating System        = Mac OS X version 10.15.4 running on x86_64
  Java; VM; Vendor        = 12.0.1; OpenJDK 64-Bit Server VM 12.0.1+12; Oracle Corporation
  Runtime                 = OpenJDK Runtime Environment 12.0.1+12
  Java Home               = /Library/Java/JavaVirtualMachines/openjdk-12.0.1.jdk/Contents/Home
  System Locale; Encoding = en_US (nb); UTF-8
  Home Directory          = /Users/loweryr
  Current Directory       = /Users/loweryr/git/github/rhlowery
  User Directory          = /Users/loweryr/git/github/rhlowery/jeddict/userdir
  Cache Directory         = /Users/loweryr/git/github/rhlowery/jeddict/userdir/var/cache
  Installation            = /Applications/NetBeans/Apache NetBeans 11.3.app/Contents/Resources/NetBeans/netbeans/nb
                            /Applications/NetBeans/Apache NetBeans 11.3.app/Contents/Resources/NetBeans/netbeans/ergonomics
                            /Applications/NetBeans/Apache NetBeans 11.3.app/Contents/Resources/NetBeans/netbeans/ide
                            /Applications/NetBeans/Apache NetBeans 11.3.app/Contents/Resources/NetBeans/netbeans/extide
                            /Applications/NetBeans/Apache NetBeans 11.3.app/Contents/Resources/NetBeans/netbeans/java
                            /Applications/NetBeans/Apache NetBeans 11.3.app/Contents/Resources/NetBeans/netbeans/apisupport
                            /Applications/NetBeans/Apache NetBeans 11.3.app/Contents/Resources/NetBeans/netbeans/webcommon
                            /Applications/NetBeans/Apache NetBeans 11.3.app/Contents/Resources/NetBeans/netbeans/websvccommon
                            /Applications/NetBeans/Apache NetBeans 11.3.app/Contents/Resources/NetBeans/netbeans/enterprise
                            /Applications/NetBeans/Apache NetBeans 11.3.app/Contents/Resources/NetBeans/netbeans/profiler
                            /Applications/NetBeans/Apache NetBeans 11.3.app/Contents/Resources/NetBeans/netbeans/php
                            /Applications/NetBeans/Apache NetBeans 11.3.app/Contents/Resources/NetBeans/netbeans/harness
                            /Applications/NetBeans/Apache NetBeans 11.3.app/Contents/Resources/NetBeans/netbeans/groovy
                            /Applications/NetBeans/Apache NetBeans 11.3.app/Contents/Resources/NetBeans/netbeans/javafx
                            /Users/loweryr/git/github/rhlowery/jeddict-cluster/netbeans/jeddict
                            /Applications/NetBeans/Apache NetBeans 11.3.app/Contents/Resources/NetBeans/netbeans/platform
  Boot & Ext. Classpath   = 
  Application Classpath   = /Applications/NetBeans/Apache NetBeans 11.3.app/Contents/Resources/NetBeans/netbeans/platform/lib/boot.jar:/Applications/NetBeans/Apache NetBeans 11.3.app/Contents/Resources/NetBeans/netbeans/platform/lib/org-openide-modules.jar:/Applications/NetBeans/Apache NetBeans 11.3.app/Contents/Resources/NetBeans/netbeans/platform/lib/org-openide-util-lookup.jar:/Applications/NetBeans/Apache NetBeans 11.3.app/Contents/Resources/NetBeans/netbeans/platform/lib/org-openide-util-ui.jar:/Applications/NetBeans/Apache NetBeans 11.3.app/Contents/Resources/NetBeans/netbeans/platform/lib/org-openide-util.jar
  Startup Classpath       = /Applications/NetBeans/Apache NetBeans 11.3.app/Contents/Resources/NetBeans/netbeans/platform/core/org-netbeans-libs-asm.jar:/Applications/NetBeans/Apache NetBeans 11.3.app/Contents/Resources/NetBeans/netbeans/platform/core/org-openide-filesystems-compat8.jar:/Applications/NetBeans/Apache NetBeans 11.3.app/Contents/Resources/NetBeans/netbeans/platform/core/org-openide-filesystems.jar:/Applications/NetBeans/Apache NetBeans 11.3.app/Contents/Resources/NetBeans/netbeans/platform/core/asm-7.2.jar:/Applications/NetBeans/Apache NetBeans 11.3.app/Contents/Resources/NetBeans/netbeans/platform/core/asm-commons-7.2.jar:/Applications/NetBeans/Apache NetBeans 11.3.app/Contents/Resources/NetBeans/netbeans/platform/core/asm-tree-7.2.jar:/Applications/NetBeans/Apache NetBeans 11.3.app/Contents/Resources/NetBeans/netbeans/platform/core/core.jar:/Applications/NetBeans/Apache NetBeans 11.3.app/Contents/Resources/NetBeans/netbeans/platform/core/core-base.jar:/Applications/NetBeans/Apache NetBeans 11.3.app/Contents/Resources/NetBeans/netbeans/nb/core/org-netbeans-upgrader.jar:/Applications/NetBeans/Apache NetBeans 11.3.app/Contents/Resources/NetBeans/netbeans/nb/core/locale/core_nb.jar
-------------------------------------------------------------------------------
