#
# There is insufficient memory for the Java Runtime Environment to continue.
# Native memory allocation (malloc) failed to allocate 2097160 bytes for Chunk::new
# Possible reasons:
#   The system is out of physical RAM or swap space
#   In 32 bit mode, the process size limit was hit
# Possible solutions:
#   Reduce memory load on the system
#   Increase physical memory or swap space
#   Check if swap backing store is full
#   Use 64 bit Java on a 64 bit OS
#   Decrease Java heap size (-Xmx/-Xms)
#   Decrease number of Java threads
#   Decrease Java thread stack sizes (-Xss)
#   Set larger code cache with -XX:ReservedCodeCacheSize=
# This output file may be truncated or incomplete.
#
#  Out of Memory Error (allocation.cpp:390), pid=4324, tid=5212
#
# JRE version: Java(TM) SE Runtime Environment (8.0_91-b15) (build 1.8.0_91-b15)
# Java VM: Java HotSpot(TM) Server VM (25.91-b15 mixed mode windows-x86 )
# Failed to write core dump. Minidumps are not enabled by default on client versions of Windows
#

---------------  T H R E A D  ---------------

Current thread (0x400eac00):  JavaThread "C2 CompilerThread1" daemon [_thread_in_native, id=5212, stack(0x41990000,0x41b90000)]

Stack: [0x41990000,0x41b90000],  sp=0x41b8e2e0,  free space=2040k
Native frames: (J=compiled Java code, j=interpreted, Vv=VM code, C=native code)
V  [jvm.dll+0x1bf27b]
V  [jvm.dll+0x1b7b58]
V  [jvm.dll+0x975d1]
V  [jvm.dll+0x97ad7]
V  [jvm.dll+0x1c8f2]
V  [jvm.dll+0x97dd2]
V  [jvm.dll+0x38bb00]
V  [jvm.dll+0x3a0737]
V  [jvm.dll+0x366799]
V  [jvm.dll+0x36d745]
V  [jvm.dll+0x3728d6]
V  [jvm.dll+0x372ab5]
V  [jvm.dll+0x372a5c]
V  [jvm.dll+0x362d51]
V  [jvm.dll+0x31d515]
V  [jvm.dll+0x3229ee]
V  [jvm.dll+0x32336e]
V  [jvm.dll+0x30cd46]
V  [jvm.dll+0x7a6ba]
V  [jvm.dll+0x7ae6f]
V  [jvm.dll+0x19313c]
V  [jvm.dll+0x19322a]
V  [jvm.dll+0x1d79e6]
C  [MSVCR100.dll+0x10fac]
C  [MSVCR100.dll+0x110b1]
C  [KERNEL32.DLL+0x1495d]
C  [ntdll.dll+0x498ee]
C  [ntdll.dll+0x498c4]
C  0x00000000


Current CompileTask:
C2: 374271 19596       4       nu.validator.htmlparser.impl.TreeBuilder::startTag (6926 bytes)


---------------  P R O C E S S  ---------------

Java Threads: ( => current thread )
  0x70f60800 JavaThread "GlassFish Status Tasks" daemon [_thread_blocked, id=4396, stack(0x7f600000,0x7f800000)]
  0x70f60000 JavaThread "GlassFish Status Tasks" daemon [_thread_blocked, id=4476, stack(0x7e430000,0x7e630000)]
  0x70f5ec00 JavaThread "GlassFish Status Tasks" daemon [_thread_blocked, id=4288, stack(0x72ea0000,0x730a0000)]
  0x70f5e800 JavaThread "Swing-Shell" daemon [_thread_blocked, id=5412, stack(0x737b0000,0x739b0000)]
  0x42ce2c00 JavaThread "Inactive RequestProcessor thread [Was:org.netbeans.modules.maven.nodes.DependencyNode/org.netbeans.modules.maven.nodes.DependencyNode$3]" daemon [_thread_blocked, id=1716, stack(0x71440000,0x71640000)]
  0x42ce1800 JavaThread "Inactive RequestProcessor thread [Was:Server registry node update/refresh/org.netbeans.modules.server.ui.node.RootNode$ChildFactory$2]" daemon [_thread_blocked, id=5556, stack(0x71240000,0x71440000)]
  0x64d40800 JavaThread "Inactive RequestProcessor thread [Was:Asynch children creator /org.openide.nodes.AsynchChildren]" daemon [_thread_blocked, id=5872, stack(0x71040000,0x71240000)]
  0x64d40400 JavaThread "Inactive RequestProcessor thread [Was:Server registry node update/refresh/org.netbeans.modules.server.ui.node.RootNode$ChildFactory$2]" daemon [_thread_blocked, id=4528, stack(0x6ce00000,0x6d000000)]
  0x64d3fc00 JavaThread "Inactive RequestProcessor thread [Was:TimedSoftReference/org.openide.util.TimedSoftReference]" daemon [_thread_blocked, id=4696, stack(0x6cc00000,0x6ce00000)]
  0x6a11b800 JavaThread "Inactive RequestProcessor thread [Was:JarFs - modification watcher/org.openide.filesystems.JarFileSystem$2]" daemon [_thread_blocked, id=5820, stack(0x6ca00000,0x6cc00000)]
  0x6a11ac00 JavaThread "Inactive RequestProcessor thread [Was:SelectedNodesScheduler/org.netbeans.modules.parsing.nb.SelectedNodesScheduler$1]" daemon [_thread_blocked, id=4536, stack(0x6b7b0000,0x6b9b0000)]
  0x6a11a000 JavaThread "Inactive RequestProcessor thread [Was:org.netbeans.modules.web.common.api.CssPreprocessors/org.netbeans.modules.web.common.api.CssPreprocessors$3]" daemon [_thread_blocked, id=244, stack(0x65d90000,0x65f90000)]
  0x6a116000 JavaThread "Inactive RequestProcessor thread [Was:Server registry node update/refresh/org.netbeans.modules.server.ui.node.RootNode$ChildFactory$2]" daemon [_thread_blocked, id=4152, stack(0x65b90000,0x65d90000)]
  0x479b7400 JavaThread "Inactive RequestProcessor thread [Was:org.netbeans.modules.project.ui.actions.LookupSensitiveAction/org.netbeans.modules.project.ui.actions.MainProjectAction$2]" daemon [_thread_blocked, id=4576, stack(0x5f600000,0x5f800000)]
  0x479b6800 JavaThread "Inactive RequestProcessor thread [Was:org.netbeans.spi.project.ui.support.NodeFactorySupport/org.netbeans.spi.project.ui.support.NodeFactorySupport$DelegateChildren$2]" daemon [_thread_blocked, id=5704, stack(0x433d0000,0x435d0000)]
  0x42ce4c00 JavaThread "Inactive RequestProcessor thread [Was:org.netbeans.modules.project.ui.actions.ActiveConfigAction/org.netbeans.modules.project.ui.actions.ActiveConfigAction$14]" daemon [_thread_blocked, id=5444, stack(0x60940000,0x60b40000)]
  0x479b7c00 JavaThread "Inactive RequestProcessor thread [Was:OpenIDE-request-processor-1/org.netbeans.core.startup.preferences.NbPreferences$1]" daemon [_thread_blocked, id=592, stack(0x563c0000,0x565c0000)]
  0x4e81b000 JavaThread "Inactive RequestProcessor thread [Was:org.netbeans.modules.maven.queries.Info/org.openide.util.RequestProcessor$ScheduledRPFutureTask]" daemon [_thread_blocked, id=2568, stack(0x4d0e0000,0x4d2e0000)]
  0x4e81a400 JavaThread "Inactive RequestProcessor thread [Was:Server registry node update/refresh/org.netbeans.modules.server.ui.node.RootNode$ChildFactory$2]" daemon [_thread_blocked, id=5272, stack(0x4cda0000,0x4cfa0000)]
  0x4e819800 JavaThread "Inactive RequestProcessor thread [Was:org.netbeans.modules.maven.queries.Info/null]" daemon [_thread_blocked, id=5484, stack(0x4aa00000,0x4ac00000)]
  0x4e81ac00 JavaThread "Inactive RequestProcessor thread [Was:HintsController worker/org.netbeans.spi.editor.hints.HintsController$2]" daemon [_thread_blocked, id=5512, stack(0x4a5e0000,0x4a7e0000)]
  0x4e815400 JavaThread "Inactive RequestProcessor thread [Was:Asynch children creator /org.openide.nodes.AsynchChildren]" daemon [_thread_blocked, id=3828, stack(0x4a3e0000,0x4a5e0000)]
  0x4e818c00 JavaThread "Inactive RequestProcessor thread [Was:org.netbeans.modules.web.clientproject.browser.ActiveBrowserAction/org.netbeans.modules.web.clientproject.browser.ActiveBrowserAction$8]" daemon [_thread_blocked, id=3512, stack(0x49de0000,0x49fe0000)]
  0x4e813800 JavaThread "Inactive RequestProcessor thread [Was:org.netbeans.modules.maven.queries.Info/org.openide.util.RequestProcessor$ScheduledRPFutureTask]" daemon [_thread_blocked, id=1888, stack(0x45aa0000,0x45ca0000)]
  0x4e816000 JavaThread "Inactive RequestProcessor thread [Was:org.netbeans.modules.project.ui.actions.LookupSensitiveAction/org.netbeans.modules.project.ui.actions.MainProjectAction$2]" daemon [_thread_blocked, id=4480, stack(0x458a0000,0x45aa0000)]
  0x44f27800 JavaThread "TimerQueue" daemon [_thread_blocked, id=4716, stack(0x4c8e0000,0x4cae0000)]
  0x44f23400 JavaThread "Worker-JM" [_thread_blocked, id=4612, stack(0x4bd30000,0x4bf30000)]
  0x44f25400 JavaThread "Deadlock Detector" [_thread_blocked, id=6028, stack(0x4c200000,0x4c400000)]
  0x44f23c00 JavaThread "Thread-4" daemon [_thread_blocked, id=5464, stack(0x4c000000,0x4c200000)]
  0x44f24c00 JavaThread "W32 File Monitor" daemon [_thread_in_native, id=4596, stack(0x4b830000,0x4ba30000)]
  0x44f26c00 JavaThread "File Watcher" daemon [_thread_blocked, id=3832, stack(0x4b630000,0x4b830000)]
  0x44f26000 JavaThread "AWT-EventQueue-0" [_thread_blocked, id=5256, stack(0x4ae00000,0x4b000000)]
  0x44f24800 JavaThread "AWT-Shutdown" [_thread_blocked, id=4228, stack(0x4ac00000,0x4ae00000)]
  0x44f26800 JavaThread "Editor Parsing Loop (201510222201)" daemon [_thread_blocked, id=4700, stack(0x4a800000,0x4aa00000)]
  0x42ce4400 JavaThread "Bundle File Closer" daemon [_thread_blocked, id=1396, stack(0x49a20000,0x49c20000)]
  0x42ce4000 JavaThread "Framework Event Dispatcher" daemon [_thread_blocked, id=4708, stack(0x486f0000,0x488f0000)]
  0x42ce2400 JavaThread "Framework Active Thread" [_thread_blocked, id=5840, stack(0x44350000,0x44550000)]
  0x42ce1400 JavaThread "org.netbeans.modules.debugger.jpda.visual AWT Access Loop" daemon [_thread_blocked, id=5680, stack(0x446d0000,0x448d0000)]
  0x42996400 JavaThread "AWT-Windows" daemon [_thread_in_native, id=4936, stack(0x44150000,0x44350000)]
  0x4298d000 JavaThread "Java2D Disposer" daemon [_thread_blocked, id=4616, stack(0x43bd0000,0x43dd0000)]
  0x4293d000 JavaThread "RequestProcessor queue manager" daemon [_thread_blocked, id=4200, stack(0x43890000,0x43a90000)]
  0x42873800 JavaThread "CLI Requests Server" daemon [_thread_in_native, id=4712, stack(0x430d0000,0x432d0000)]
  0x424ee400 JavaThread "Active Reference Queue Daemon" daemon [_thread_blocked, id=3292, stack(0x42e90000,0x43090000)]
  0x40150400 JavaThread "Service Thread" daemon [_thread_blocked, id=5932, stack(0x41e10000,0x42010000)]
  0x400ec000 JavaThread "C1 CompilerThread2" daemon [_thread_blocked, id=4392, stack(0x41bd0000,0x41dd0000)]
=>0x400eac00 JavaThread "C2 CompilerThread1" daemon [_thread_in_native, id=5212, stack(0x41990000,0x41b90000)]
  0x400e9c00 JavaThread "C2 CompilerThread0" daemon [_thread_blocked, id=5416, stack(0x41750000,0x41950000)]
  0x400e0c00 JavaThread "JDWP Command Reader" daemon [_thread_in_native, id=1216, stack(0x41510000,0x41710000)]
  0x400e0000 JavaThread "JDWP Event Helper Thread" daemon [_thread_blocked, id=1976, stack(0x412d0000,0x414d0000)]
  0x400d5c00 JavaThread "JDWP Transport Listener: dt_socket" daemon [_thread_blocked, id=6088, stack(0x41090000,0x41290000)]
  0x400da000 JavaThread "Attach Listener" daemon [_thread_blocked, id=2956, stack(0x40e50000,0x41050000)]
  0x400d9400 JavaThread "Signal Dispatcher" daemon [_thread_blocked, id=5344, stack(0x40c10000,0x40e10000)]
  0x400bc000 JavaThread "Finalizer" daemon [_thread_blocked, id=4752, stack(0x40640000,0x40840000)]
  0x400a6c00 JavaThread "Reference Handler" daemon [_thread_blocked, id=4320, stack(0x40400000,0x40600000)]
  0x01d1e000 JavaThread "main" [_thread_blocked, id=5028, stack(0x00090000,0x00290000)]

Other Threads:
  0x01f1e800 VMThread [stack: 0x401c0000,0x403c0000] [id=4840]
  0x4015cc00 WatcherThread [stack: 0x42050000,0x42250000] [id=2316]

VM state:not at safepoint (normal execution)

VM Mutex/Monitor currently owned by a thread: None

Heap:
 PSYoungGen      total 217856K, used 104754K [0x2f0c0000, 0x3d840000, 0x3da00000)
  eden space 200704K, 47% used [0x2f0c0000,0x34e0bf18,0x3b4c0000)
  from space 17152K, 53% used [0x3b4c0000,0x3bdc0b48,0x3c580000)
  to   space 16640K, 0% used [0x3c800000,0x3c800000,0x3d840000)
 ParOldGen       total 321024K, used 204681K [0x11e00000, 0x25780000, 0x2f0c0000)
  object space 321024K, 63% used [0x11e00000,0x1e5e2468,0x25780000)
 Metaspace       used 105490K, capacity 114468K, committed 115584K, reserved 116096K

Card table byte_map: [0x11c40000,0x11da0000] byte_map_base: 0x11bb1000

Marking Bits: (ParMarkBitMap*) 0x72e2b3d0
 Begin Bits: [0x3e280000, 0x3ed70000)
 End Bits:   [0x3ed70000, 0x3f860000)

Polling page: 0x00380000

CodeCache: size=245760Kb used=99792Kb max_used=99882Kb free=145967Kb
 bounds [0x023c0000, 0x085b8000, 0x113c0000]
 total_blobs=29744 nmethods=29388 adapters=270
 compilation: enabled

Compilation events (10 events):
Event: 373.202 Thread 0x400ec000 39974       3       com.sun.java.swing.plaf.windows.WindowsIconFactory$VistaMenuItemCheckIconFactory$VistaMenuItemCheckIcon::getLaFIcon (42 bytes)
Event: 373.203 Thread 0x400ec000 nmethod 39974 0x0549e588 code [0x0549e700, 0x0549eb90]
Event: 373.203 Thread 0x400ec000 39975       3       com.sun.java.swing.plaf.windows.WindowsIconFactory$VistaMenuItemCheckIconFactory$VistaMenuItemCheckIcon::typeToString (76 bytes)
Event: 373.204 Thread 0x400ec000 nmethod 39975 0x0753bcc8 code [0x0753bea0, 0x0753c968]
Event: 373.204 Thread 0x400ec000 39976       3       com.sun.java.swing.plaf.windows.WindowsIconFactory$VistaMenuItemCheckIconFactory$VistaMenuItemCheckIcon::getIcon (88 bytes)
Event: 373.204 Thread 0x400ec000 nmethod 39976 0x0333e388 code [0x0333e4e0, 0x0333e950]
Event: 373.545 Thread 0x400ec000 39977       3       javax.swing.MenuSelectionManager::getSelectedPath (48 bytes)
Event: 373.546 Thread 0x400ec000 nmethod 39977 0x045007c8 code [0x04500940, 0x045011cc]
Event: 373.951 Thread 0x400ec000 39978   !   3       javax.swing.MenuSelectionManager::defaultManager (80 bytes)
Event: 373.953 Thread 0x400ec000 nmethod 39978 0x0753a888 code [0x0753aa80, 0x0753b5c8]

GC Heap History (10 events):
Event: 346.469 GC heap before
{Heap before GC invocations=145 (full 6):
 PSYoungGen      total 214528K, used 199780K [0x2f0c0000, 0x3d700000, 0x3da00000)
  eden space 192512K, 100% used [0x2f0c0000,0x3acc0000,0x3acc0000)
  from space 22016K, 33% used [0x3c180000,0x3c8990b0,0x3d700000)
  to   space 21248K, 0% used [0x3acc0000,0x3acc0000,0x3c180000)
 ParOldGen       total 321024K, used 204137K [0x11e00000, 0x25780000, 0x2f0c0000)
  object space 321024K, 63% used [0x11e00000,0x1e55a468,0x25780000)
 Metaspace       used 103788K, capacity 112469K, committed 113664K, reserved 114048K
Event: 346.489 GC heap after
Heap after GC invocations=145 (full 6):
 PSYoungGen      total 213760K, used 7370K [0x2f0c0000, 0x3d6c0000, 0x3da00000)
  eden space 192512K, 0% used [0x2f0c0000,0x2f0c0000,0x3acc0000)
  from space 21248K, 34% used [0x3acc0000,0x3b3f29e0,0x3c180000)
  to   space 19968K, 0% used [0x3c340000,0x3c340000,0x3d6c0000)
 ParOldGen       total 321024K, used 204149K [0x11e00000, 0x25780000, 0x2f0c0000)
  object space 321024K, 63% used [0x11e00000,0x1e55d468,0x25780000)
 Metaspace       used 103788K, capacity 112469K, committed 113664K, reserved 114048K
}
Event: 348.003 GC heap before
{Heap before GC invocations=146 (full 6):
 PSYoungGen      total 213760K, used 199882K [0x2f0c0000, 0x3d6c0000, 0x3da00000)
  eden space 192512K, 100% used [0x2f0c0000,0x3acc0000,0x3acc0000)
  from space 21248K, 34% used [0x3acc0000,0x3b3f29e0,0x3c180000)
  to   space 19968K, 0% used [0x3c340000,0x3c340000,0x3d6c0000)
 ParOldGen       total 321024K, used 204149K [0x11e00000, 0x25780000, 0x2f0c0000)
  object space 321024K, 63% used [0x11e00000,0x1e55d468,0x25780000)
 Metaspace       used 103919K, capacity 112631K, committed 113792K, reserved 114048K
Event: 348.028 GC heap after
Heap after GC invocations=146 (full 6):
 PSYoungGen      total 216576K, used 8006K [0x2f0c0000, 0x3d6c0000, 0x3da00000)
  eden space 196608K, 0% used [0x2f0c0000,0x2f0c0000,0x3b0c0000)
  from space 19968K, 40% used [0x3c340000,0x3cb11ad0,0x3d6c0000)
  to   space 18944K, 0% used [0x3b0c0000,0x3b0c0000,0x3c340000)
 ParOldGen       total 321024K, used 204177K [0x11e00000, 0x25780000, 0x2f0c0000)
  object space 321024K, 63% used [0x11e00000,0x1e564468,0x25780000)
 Metaspace       used 103919K, capacity 112631K, committed 113792K, reserved 114048K
}
Event: 349.534 GC heap before
{Heap before GC invocations=147 (full 6):
 PSYoungGen      total 216576K, used 204614K [0x2f0c0000, 0x3d6c0000, 0x3da00000)
  eden space 196608K, 100% used [0x2f0c0000,0x3b0c0000,0x3b0c0000)
  from space 19968K, 40% used [0x3c340000,0x3cb11ad0,0x3d6c0000)
  to   space 18944K, 0% used [0x3b0c0000,0x3b0c0000,0x3c340000)
 ParOldGen       total 321024K, used 204177K [0x11e00000, 0x25780000, 0x2f0c0000)
  object space 321024K, 63% used [0x11e00000,0x1e564468,0x25780000)
 Metaspace       used 104207K, capacity 112897K, committed 114176K, reserved 115072K
Event: 349.562 GC heap after
Heap after GC invocations=147 (full 6):
 PSYoungGen      total 215552K, used 8128K [0x2f0c0000, 0x3d700000, 0x3da00000)
  eden space 196608K, 0% used [0x2f0c0000,0x2f0c0000,0x3b0c0000)
  from space 18944K, 42% used [0x3b0c0000,0x3b8b01c0,0x3c340000)
  to   space 17920K, 0% used [0x3c580000,0x3c580000,0x3d700000)
 ParOldGen       total 321024K, used 204193K [0x11e00000, 0x25780000, 0x2f0c0000)
  object space 321024K, 63% used [0x11e00000,0x1e568468,0x25780000)
 Metaspace       used 104207K, capacity 112897K, committed 114176K, reserved 115072K
}
Event: 351.254 GC heap before
{Heap before GC invocations=148 (full 6):
 PSYoungGen      total 215552K, used 204736K [0x2f0c0000, 0x3d700000, 0x3da00000)
  eden space 196608K, 100% used [0x2f0c0000,0x3b0c0000,0x3b0c0000)
  from space 18944K, 42% used [0x3b0c0000,0x3b8b01c0,0x3c340000)
  to   space 17920K, 0% used [0x3c580000,0x3c580000,0x3d700000)
 ParOldGen       total 321024K, used 204193K [0x11e00000, 0x25780000, 0x2f0c0000)
  object space 321024K, 63% used [0x11e00000,0x1e568468,0x25780000)
 Metaspace       used 104428K, capacity 113153K, committed 114432K, reserved 115072K
Event: 351.293 GC heap after
Heap after GC invocations=148 (full 6):
 PSYoungGen      total 218624K, used 8976K [0x2f0c0000, 0x3d780000, 0x3da00000)
  eden space 200704K, 0% used [0x2f0c0000,0x2f0c0000,0x3b4c0000)
  from space 17920K, 50% used [0x3c580000,0x3ce44208,0x3d700000)
  to   space 17152K, 0% used [0x3b4c0000,0x3b4c0000,0x3c580000)
 ParOldGen       total 321024K, used 204597K [0x11e00000, 0x25780000, 0x2f0c0000)
  object space 321024K, 63% used [0x11e00000,0x1e5cd468,0x25780000)
 Metaspace       used 104428K, capacity 113153K, committed 114432K, reserved 115072K
}
Event: 367.132 GC heap before
{Heap before GC invocations=149 (full 6):
 PSYoungGen      total 218624K, used 209680K [0x2f0c0000, 0x3d780000, 0x3da00000)
  eden space 200704K, 100% used [0x2f0c0000,0x3b4c0000,0x3b4c0000)
  from space 17920K, 50% used [0x3c580000,0x3ce44208,0x3d700000)
  to   space 17152K, 0% used [0x3b4c0000,0x3b4c0000,0x3c580000)
 ParOldGen       total 321024K, used 204597K [0x11e00000, 0x25780000, 0x2f0c0000)
  object space 321024K, 63% used [0x11e00000,0x1e5cd468,0x25780000)
 Metaspace       used 104823K, capacity 113588K, committed 114816K, reserved 115072K
Event: 367.160 GC heap after
Heap after GC invocations=149 (full 6):
 PSYoungGen      total 217856K, used 9218K [0x2f0c0000, 0x3d840000, 0x3da00000)
  eden space 200704K, 0% used [0x2f0c0000,0x2f0c0000,0x3b4c0000)
  from space 17152K, 53% used [0x3b4c0000,0x3bdc0b48,0x3c580000)
  to   space 16640K, 0% used [0x3c800000,0x3c800000,0x3d840000)
 ParOldGen       total 321024K, used 204681K [0x11e00000, 0x25780000, 0x2f0c0000)
  object space 321024K, 63% used [0x11e00000,0x1e5e2468,0x25780000)
 Metaspace       used 104823K, capacity 113588K, committed 114816K, reserved 115072K
}

Deoptimization events (10 events):
Event: 367.601 Thread 0x4e819800 Uncommon trap: reason=unstable_if action=reinterpret pc=0x02cba328 method=java.net.URI.needsNormalization(Ljava/lang/String;)I @ 175
Event: 367.601 Thread 0x4e819800 Uncommon trap: reason=unstable_if action=reinterpret pc=0x044e0158 method=java.net.URI.normalize(Ljava/lang/String;)Ljava/lang/String; @ 6
Event: 367.607 Thread 0x4e816000 Uncommon trap: reason=bimorphic action=maybe_recompile pc=0x035e4f48 method=org.openide.filesystems.MultiFileObject.lastModified()Ljava/util/Date; @ 4
Event: 367.662 Thread 0x4e816000 Uncommon trap: reason=bimorphic action=maybe_recompile pc=0x035e4f48 method=org.openide.filesystems.MultiFileObject.lastModified()Ljava/util/Date; @ 4
Event: 367.773 Thread 0x4e816000 Uncommon trap: reason=bimorphic action=maybe_recompile pc=0x035e4f48 method=org.openide.filesystems.MultiFileObject.lastModified()Ljava/util/Date; @ 4
Event: 367.781 Thread 0x4e819800 Uncommon trap: reason=unstable_if action=reinterpret pc=0x079e4f90 method=java.util.regex.Pattern$Curly.match0(Ljava/util/regex/Matcher;IILjava/lang/CharSequence;)Z @ 66
Event: 367.788 Thread 0x4e816000 Uncommon trap: reason=bimorphic action=maybe_recompile pc=0x035e4f48 method=org.openide.filesystems.MultiFileObject.lastModified()Ljava/util/Date; @ 4
Event: 367.791 Thread 0x4e816000 Uncommon trap: reason=unstable_if action=reinterpret pc=0x03cc4fd0 method=java.util.regex.Pattern$Curly.match0(Ljava/util/regex/Matcher;IILjava/lang/CharSequence;)Z @ 66
Event: 367.836 Thread 0x4e819800 Uncommon trap: reason=unstable_if action=reinterpret pc=0x03534eb8 method=java.io.WinNTFileSystem.resolve(Ljava/lang/String;Ljava/lang/String;)Ljava/lang/String; @ 49
Event: 372.842 Thread 0x44f26000 Uncommon trap: reason=unstable_if action=reinterpret pc=0x02b89e00 method=javax.swing.DefaultButtonModel.isSelected()Z @ 6

Internal exceptions (10 events):
Event: 369.709 Thread 0x4e813800 Exception <a 'org/netbeans/modules/extbrowser/NbBrowserException': RegOpenKeyEx() failed for SOFTWARE\Microsoft\Windows\CurrentVersion\App Paths\FIREFOX.exe.> (0x33800990) thrown at [C:\re\workspace\8-2-build-windows-i586-cygwin\jdk8u91\7017\hotspot\src\sh\i‹…Yw@
Event: 369.709 Thread 0x4e813800 Exception <a 'org/netbeans/modules/extbrowser/NbBrowserException': RegOpenKeyEx() failed for SOFTWARE\Microsoft\Windows\CurrentVersion\App Paths\MOZILLA.exe.> (0x338097f0) thrown at [C:\re\workspace\8-2-build-windows-i586-cygwin\jdk8u91\7017\hotspot\src\shðÒ¤ xw@
Event: 369.717 Thread 0x4e813800 Exception <a 'org/netbeans/modules/extbrowser/NbBrowserException': RegOpenKeyEx() failed for SOFTWARE\Microsoft\Windows\CurrentVersion\App Paths\FIREFOX.exe.> (0x338bb880) thrown at [C:\re\workspace\8-2-build-windows-i586-cygwin\jdk8u91\7017\hotspot\src\shÅ»òGyw@
Event: 369.717 Thread 0x4e813800 Exception <a 'org/netbeans/modules/extbrowser/NbBrowserException': RegOpenKeyEx() failed for SOFTWARE\Microsoft\Windows\CurrentVersion\App Paths\MOZILLA.exe.> (0x338c3ba8) thrown at [C:\re\workspace\8-2-build-windows-i586-cygwin\jdk8u91\7017\hotspot\src\shÍÚI„Æ
Event: 369.726 Thread 0x4e813800 Exception <a 'org/netbeans/modules/extbrowser/NbBrowserException': RegOpenKeyEx() failed for SOFTWARE\Microsoft\Windows\CurrentVersion\App Paths\FIREFOX.exe.> (0x339a7228) thrown at [C:\re\workspace\8-2-build-windows-i586-cygwin\jdk8u91\7017\hotspot\src\shŒâ›Æ w@
Event: 369.727 Thread 0x4e813800 Exception <a 'org/netbeans/modules/extbrowser/NbBrowserException': RegOpenKeyEx() failed for SOFTWARE\Microsoft\Windows\CurrentVersion\App Paths\MOZILLA.exe.> (0x339af730) thrown at [C:\re\workspace\8-2-build-windows-i586-cygwin\jdk8u91\7017\hotspot\src\shHÚØöÈw@
Event: 369.737 Thread 0x4e813800 Exception <a 'org/netbeans/modules/extbrowser/NbBrowserException': RegOpenKeyEx() failed for SOFTWARE\Microsoft\Windows\CurrentVersion\App Paths\FIREFOX.exe.> (0x33a80d48) thrown at [C:\re\workspace\8-2-build-windows-i586-cygwin\jdk8u91\7017\hotspot\src\sh¶üNÄÉw@
Event: 369.737 Thread 0x4e813800 Exception <a 'org/netbeans/modules/extbrowser/NbBrowserException': RegOpenKeyEx() failed for SOFTWARE\Microsoft\Windows\CurrentVersion\App Paths\MOZILLA.exe.> (0x33a89070) thrown at [C:\re\workspace\8-2-build-windows-i586-cygwin\jdk8u91\7017\hotspot\src\sh|×ýÚõ+w@
Event: 370.748 Thread 0x70f5ec00 Exception <a 'java/net/ConnectException': Connection refused: connect> (0x3224b3d0) thrown at [C:\re\workspace\8-2-build-windows-i586-cygwin\jdk8u91\7017\hotspot\src\share\vm\prims\jni.cpp, line 735]
Event: 373.779 Thread 0x70f60000 Exception <a 'java/net/ConnectException': Connection refused: connect> (0x33be9e60) thrown at [C:\re\workspace\8-2-build-windows-i586-cygwin\jdk8u91\7017\hotspot\src\share\vm\prims\jni.cpp, line 735]

Events (10 events):
Event: 372.694 Executing VM operation: RevokeBias
Event: 372.694 Executing VM operation: RevokeBias done
Event: 372.700 Executing VM operation: FindDeadlocks
Event: 372.701 Executing VM operation: FindDeadlocks done
Event: 372.842 Thread 0x44f26000 Uncommon trap: trap_request=0xffffff65 fr.pc=0x02b89e00
Event: 372.842 Thread 0x44f26000 DEOPT PACKING pc=0x02b89e00 sp=0x4affe8d0
Event: 372.842 Thread 0x44f26000 DEOPT UNPACKING pc=0x023fae32 sp=0x4affe8b4 mode 2
Event: 372.842 loading class javax/swing/plaf/basic/BasicMenuUI$Actions
Event: 372.842 loading class javax/swing/plaf/basic/BasicMenuUI$Actions done
Event: 373.779 Thread 0x70f60800 Thread added: 0x70f60800


Dynamic libraries:
0x00400000 - 0x0042f000 	C:\Program Files (x86)\NetBeans 8.1\platform\lib\nbexec.exe
0x77420000 - 0x77588000 	C:\Windows\SYSTEM32\ntdll.dll
0x77000000 - 0x77140000 	C:\Windows\SYSTEM32\KERNEL32.DLL
0x76740000 - 0x7680f000 	C:\Windows\SYSTEM32\KERNELBASE.dll
0x77150000 - 0x771c7000 	C:\Windows\SYSTEM32\ADVAPI32.DLL
0x75010000 - 0x750ce000 	C:\Windows\SYSTEM32\msvcrt.dll
0x76a10000 - 0x76b60000 	C:\Windows\SYSTEM32\USER32.dll
0x75270000 - 0x752ae000 	C:\Windows\SYSTEM32\sechost.dll
0x76b70000 - 0x76c21000 	C:\Windows\SYSTEM32\RPCRT4.dll
0x75160000 - 0x75268000 	C:\Windows\SYSTEM32\GDI32.dll
0x74e50000 - 0x74e6d000 	C:\Windows\SYSTEM32\SspiCli.dll
0x74e40000 - 0x74e49000 	C:\Windows\SYSTEM32\CRYPTBASE.dll
0x74de0000 - 0x74e31000 	C:\Windows\SYSTEM32\bcryptPrimitives.dll
0x74e70000 - 0x74e95000 	C:\Windows\system32\IMM32.DLL
0x771d0000 - 0x772c7000 	C:\Windows\SYSTEM32\MSCTF.dll
0x73b80000 - 0x73c23000 	C:\Program Files (x86)\NetBeans 8.1\platform\lib\nbexec.dll
0x72880000 - 0x72e9e000 	C:\Program Files (x86)\Java\jdk1.8.0_91\jre\bin\server\jvm.dll
0x737a0000 - 0x737a8000 	C:\Windows\SYSTEM32\WSOCK32.dll
0x73780000 - 0x737a0000 	C:\Windows\SYSTEM32\WINMM.dll
0x74aa0000 - 0x74aa8000 	C:\Windows\SYSTEM32\VERSION.dll
0x76570000 - 0x76576000 	C:\Windows\SYSTEM32\PSAPI.DLL
0x736c0000 - 0x7377d000 	C:\Program Files (x86)\Java\jdk1.8.0_91\jre\bin\MSVCR100.dll
0x76810000 - 0x7685d000 	C:\Windows\SYSTEM32\WS2_32.dll
0x736a0000 - 0x736c0000 	C:\Windows\SYSTEM32\WINMMBASE.dll
0x77140000 - 0x77147000 	C:\Windows\SYSTEM32\NSI.dll
0x76630000 - 0x7666a000 	C:\Windows\SYSTEM32\cfgmgr32.dll
0x73fe0000 - 0x73fff000 	C:\Windows\SYSTEM32\DEVOBJ.dll
0x73660000 - 0x73691000 	C:\Program Files (x86)\Java\jdk1.8.0_91\jre\bin\splashscreen.dll
0x73650000 - 0x7365c000 	C:\Program Files (x86)\Java\jdk1.8.0_91\jre\bin\verify.dll
0x73620000 - 0x73641000 	C:\Program Files (x86)\Java\jdk1.8.0_91\jre\bin\java.dll
0x74580000 - 0x745a9000 	C:\Program Files (x86)\Java\jdk1.8.0_91\jre\bin\jdwp.dll
0x74570000 - 0x74577000 	C:\Program Files (x86)\Java\jdk1.8.0_91\jre\bin\npt.dll
0x74460000 - 0x7453c000 	C:\Windows\system32\uxtheme.dll
0x74ea0000 - 0x74fee000 	C:\Windows\SYSTEM32\combase.dll
0x73600000 - 0x73613000 	C:\Program Files (x86)\Java\jdk1.8.0_91\jre\bin\zip.dll
0x76460000 - 0x7656b000 	C:\Windows\system32\ole32.dll
0x74d20000 - 0x74d29000 	C:\Windows\SYSTEM32\kernel.appcore.dll
0x752b0000 - 0x76453000 	C:\Windows\SYSTEM32\SHELL32.dll
0x76580000 - 0x765c1000 	C:\Windows\SYSTEM32\SHLWAPI.dll
0x74ca0000 - 0x74d17000 	C:\Windows\SYSTEM32\SHCORE.dll
0x74230000 - 0x7423e000 	C:\Windows\SYSTEM32\profapi.dll
0x74540000 - 0x74548000 	C:\Program Files (x86)\Java\jdk1.8.0_91\jre\bin\dt_socket.dll
0x73db0000 - 0x73df5000 	C:\Windows\system32\mswsock.dll
0x735e0000 - 0x735f6000 	C:\Program Files (x86)\Java\jdk1.8.0_91\jre\bin\net.dll
0x735d0000 - 0x735df000 	C:\Program Files (x86)\Java\jdk1.8.0_91\jre\bin\nio.dll
0x74ad0000 - 0x74aee000 	C:\Windows\SYSTEM32\IPHLPAPI.DLL
0x74280000 - 0x74288000 	C:\Windows\SYSTEM32\WINNSI.DLL
0x735b0000 - 0x735c2000 	C:\Windows\SYSTEM32\dhcpcsvc6.DLL
0x73590000 - 0x735a3000 	C:\Windows\SYSTEM32\dhcpcsvc.DLL
0x73440000 - 0x73585000 	C:\Program Files (x86)\Java\jdk1.8.0_91\jre\bin\awt.dll
0x750d0000 - 0x75157000 	C:\Windows\SYSTEM32\OLEAUT32.dll
0x73c70000 - 0x73d0a000 	C:\Windows\system32\apphelp.dll
0x73420000 - 0x73438000 	C:\Windows\SYSTEM32\CRYPTSP.dll
0x733f0000 - 0x7341f000 	C:\Windows\system32\rsaenh.dll
0x733d0000 - 0x733ed000 	C:\Windows\SYSTEM32\bcrypt.dll
0x74a80000 - 0x74a99000 	C:\Windows\SYSTEM32\USERENV.dll
0x733b0000 - 0x733c9000 	C:\Windows\system32\DWMAPI.DLL
0x73e40000 - 0x73e50000 	C:\Windows\system32\napinsp.dll
0x73e20000 - 0x73e34000 	C:\Windows\system32\pnrpnsp.dll
0x73e00000 - 0x73e12000 	C:\Windows\system32\NLAapi.dll
0x73d30000 - 0x73dac000 	C:\Windows\SYSTEM32\DNSAPI.dll
0x73d20000 - 0x73d29000 	C:\Windows\System32\winrnr.dll
0x73d10000 - 0x73d1f000 	C:\Windows\system32\wshbth.dll
0x73320000 - 0x73327000 	C:\Windows\System32\rasadhlp.dll
0x732d0000 - 0x73314000 	C:\Windows\System32\fwpuclnt.dll
0x74880000 - 0x74a65000 	C:\Windows\WinSxS\x86_microsoft.windows.common-controls_6595b64144ccf1df_6.0.9600.16384_none_a9f4965301334e09\COMCTL32.dll
0x73370000 - 0x733a9000 	C:\Program Files (x86)\Java\jdk1.8.0_91\jre\bin\fontmanager.dll
0x73330000 - 0x73362000 	C:\Program Files (x86)\Java\jdk1.8.0_91\jre\bin\t2k.dll
0x49d60000 - 0x49d9d000 	C:\Program Files (x86)\NetBeans 8.1\platform\modules\lib\x86\jnidispatch-410.dll
0x73c60000 - 0x73c6a000 	C:\Program Files (x86)\Java\jdk1.8.0_91\jre\bin\management.dll
0x73230000 - 0x732c4000 	C:\Windows\SYSTEM32\winhttp.dll
0x766b0000 - 0x76736000 	C:\Windows\WinSxS\x86_microsoft.windows.common-controls_6595b64144ccf1df_5.82.9600.16384_none_7c55c866aa0c3ff0\comctl32.dll
0x772d0000 - 0x7734d000 	C:\Windows\SYSTEM32\clbcatq.dll
0x730e0000 - 0x7322d000 	C:\Windows\SYSTEM32\WindowsCodecs.dll
0x73c30000 - 0x73c54000 	C:\Program Files (x86)\Java\jdk1.8.0_91\jre\bin\dcpr.dll
0x01fa0000 - 0x01fb6000 	C:\Program Files (x86)\NetBeans 8.1\ide\modules\lib\extbrowser.dll
0x74250000 - 0x74276000 	C:\Program Files (x86)\Java\jdk1.8.0_91\jre\bin\jpeg.dll
0x74750000 - 0x74874000 	C:\Windows\system32\propsys.dll
0x745b0000 - 0x74749000 	C:\Windows\system32\NetworkExplorer.dll
0x74290000 - 0x7443c000 	C:\Windows\SYSTEM32\SETUPAPI.dll
0x74c70000 - 0x74c8f000 	C:\Windows\SYSTEM32\thumbcache.dll
0x74ab0000 - 0x74ac4000 	C:\Windows\SYSTEM32\MPR.dll
0x74c60000 - 0x74c69000 	C:\Windows\System32\drprov.dll
0x74c10000 - 0x74c52000 	C:\Windows\System32\WINSTA.dll
0x4b500000 - 0x4b511000 	C:\Windows\System32\ntlanman.dll
0x4bab0000 - 0x4bac9000 	C:\Windows\System32\davclnt.dll
0x4a7f0000 - 0x4a7f9000 	C:\Windows\System32\DAVHLPR.dll
0x4b520000 - 0x4b530000 	C:\Windows\System32\wkscli.dll
0x4bad0000 - 0x4badd000 	C:\Windows\SYSTEM32\cscapi.dll
0x4bd20000 - 0x4bd2a000 	C:\Windows\System32\netutils.dll
0x5f900000 - 0x5f966000 	C:\Windows\SYSTEM32\dlnashext.dll
0x5d510000 - 0x5d546000 	C:\Windows\System32\PlayToDevice.dll
0x74550000 - 0x74568000 	C:\Windows\System32\DevDispItemProvider.dll
0x739b0000 - 0x73aac000 	C:\Windows\SYSTEM32\actxprxy.dll
0x7bfb0000 - 0x7c189000 	C:\Windows\system32\wpdshext.dll
0x76e30000 - 0x76f7d000 	C:\Windows\WinSxS\x86_microsoft.windows.gdiplus_6595b64144ccf1df_1.1.9600.16384_none_dadf89385bc5c7d7\gdiplus.dll
0x73ab0000 - 0x73b34000 	C:\Windows\SYSTEM32\PortableDeviceApi.dll
0x76670000 - 0x766a9000 	C:\Windows\SYSTEM32\WINTRUST.dll
0x7c190000 - 0x7c30f000 	C:\Windows\SYSTEM32\CRYPT32.dll
0x4cd80000 - 0x4cd8e000 	C:\Windows\SYSTEM32\MSASN1.dll
0x66300000 - 0x6633c000 	C:\Windows\system32\audiodev.dll
0x7c310000 - 0x7c549000 	C:\Windows\system32\WMVCore.DLL
0x6b640000 - 0x6b676000 	C:\Windows\system32\WMASF.DLL
0x74a70000 - 0x74a7a000 	C:\Windows\SYSTEM32\LINKINFO.dll
0x4f650000 - 0x4f662000 	C:\Windows\SYSTEM32\samcli.dll
0x50f40000 - 0x50f53000 	C:\Windows\SYSTEM32\SAMLIB.dll
0x4cfa0000 - 0x4cfa7000 	C:\Windows\SYSTEM32\DPAPI.dll

VM Arguments:
jvm_args: -Dnetbeans.logger.console=true -ea -Xdebug -Xrunjdwp:transport=dt_socket,suspend=y,server=n,address=127.0.0.1:52000 -Djdk.home=C:\Program Files (x86)\Java\jdk1.8.0_91 -splash:F:\JPAM\JPAModeler\build\testuserdir\var\cache\splash.png -Dnetbeans.home=C:\Program Files (x86)\NetBeans 8.1\platform -Dnetbeans.user=F:\JPAM\JPAModeler\build\testuserdir -Dnetbeans.default_userdir_root= -XX:+HeapDumpOnOutOfMemoryError -XX:HeapDumpPath=F:\JPAM\JPAModeler\build\testuserdir\var\log\heapdump.hprof -Dsun.awt.keepWorkingSetOnMinimize=true -Dnetbeans.dirs=F:\JPAM\JPAModeler\build\cluster;C:\Program Files (x86)\NetBeans 8.1\apisupport;C:\Program Files (x86)\NetBeans 8.1\enterprise;C:\Program Files (x86)\NetBeans 8.1\extide;C:\Program Files (x86)\NetBeans 8.1\harness;C:\Program Files (x86)\NetBeans 8.1\ide;C:\Program Files (x86)\NetBeans 8.1\java;C:\Program Files (x86)\NetBeans 8.1\javafx;C:\Program Files (x86)\NetBeans 8.1\nb;C:\Program Files (x86)\NetBeans 8.1\platform;C:\Program Files (x86)\NetBeans 8.1\profiler;C:\Program Files (x86)\NetBeans 8.1\webcommon;C:\Program Files (x86)\NetBeans 8.1\websvccommon;F:\JPAM\nbmodeler\build\cluster;F:\JPAM\jCode\build\cluster exit 
java_command: <unknown>
java_class_path (initial): C:\Program Files (x86)\NetBeans 8.1\platform\lib\boot.jar;C:\Program Files (x86)\NetBeans 8.1\platform\lib\org-openide-modules.jar;C:\Program Files (x86)\NetBeans 8.1\platform\lib\org-openide-util-lookup.jar;C:\Program Files (x86)\NetBeans 8.1\platform\lib\org-openide-util-ui.jar;C:\Program Files (x86)\NetBeans 8.1\platform\lib\org-openide-util.jar;C:\Program Files (x86)\NetBeans 8.1\platform\lib\locale\boot_ja.jar;C:\Program Files (x86)\NetBeans 8.1\platform\lib\locale\boot_pt_BR.jar;C:\Program Files (x86)\NetBeans 8.1\platform\lib\locale\boot_ru.jar;C:\Program Files (x86)\NetBeans 8.1\platform\lib\locale\boot_zh_CN.jar;C:\Program Files (x86)\NetBeans 8.1\platform\lib\locale\org-openide-modules_ja.jar;C:\Program Files (x86)\NetBeans 8.1\platform\lib\locale\org-openide-modules_pt_BR.jar;C:\Program Files (x86)\NetBeans 8.1\platform\lib\locale\org-openide-modules_ru.jar;C:\Program Files (x86)\NetBeans 8.1\platform\lib\locale\org-openide-modules_zh_CN.jar;C:\Program Files (x86)\NetBeans 8.1\platform\lib\locale\org-openide-util-lookup_ja.jar;C:\Program Files (x86)\NetBeans 8.1\platform\lib\locale\org-openide-util-lookup_pt_BR.jar;C:\Program Files (x86)\NetBeans 8.1\platform\lib\locale\org-openide-util-lookup_ru.jar;C:\Program Files (x86)\NetBeans 8.1\platform\lib\locale\org-openide-util-lookup_zh_CN.jar;C:\Program Files (x86)\NetBeans 8.1\platform\lib\locale\org-openide-util-ui_ja.jar;C:\Program Files (x86)\NetBeans 8.1\platform\lib\locale\org-openide-util-ui_pt_BR.jar;C:\Program Files (x86)\NetBeans 8.1\platform\lib\locale\org-openide-util-ui_ru.jar;C:\Program Files (x86)\NetBeans 8.1\platform\lib\locale\org-openide-util-ui_zh_CN.jar;C:\Program Files (x86)\NetBeans 8.1\platform\lib\locale\org-openide-util_ja.jar;C:\Program Files (x86)\NetBeans 8.1\platform\lib\locale\org-openide-util_pt_BR.jar;C:\Program Files (x86)\NetBeans 8.1\platform\lib\locale\org-openide-util_ru.jar;C:\Program Files (x86)\NetBeans 8.1\platform\lib\locale\org-openide-u
Launcher Type: generic

Environment Variables:
PATH=C:\Windows\system32;C:\Windows;C:\Windows\System32\Wbem;C:\Windows\System32\WindowsPowerShell\v1.0\;C:\Program Files\Intel\WiFi\bin\;C:\Program Files\Common Files\Intel\WirelessCommon\;C:\Program Files\SourceGear\Common\DiffMerge\;C:\Program Files (x86)\Git\cmd;C:\Program Files\Intel\WiFi\bin\;C:\Program Files\Common Files\Intel\WirelessCommon\
USERNAME=Java
OS=Windows_NT
PROCESSOR_IDENTIFIER=Intel64 Family 6 Model 61 Stepping 4, GenuineIntel



---------------  S Y S T E M  ---------------

OS: Windows 8.1 , 64 bit Build 9600 (6.3.9600.16408)

CPU:total 4 (2 cores per cpu, 2 threads per core) family 6 model 61 stepping 4, cmov, cx8, fxsr, mmx, sse, sse2, sse3, ssse3, sse4.1, sse4.2, popcnt, avx, avx2, aes, clmul, erms, 3dnowpref, lzcnt, ht, tsc, tscinvbit, bmi1, bmi2, adx

Memory: 4k page, physical 8116404k(2706972k free), swap 9427124k(3390096k free)

vm_info: Java HotSpot(TM) Server VM (25.91-b15) for windows-x86 JRE (1.8.0_91-b15), built on May 20 2016 17:30:54 by "java_re" with MS VC++ 10.0 (VS2010)

time: Mon Sep 12 20:11:26 2016
elapsed time: 374 seconds (0d 0h 6m 14s)

